2021-10-30 22:16:41 [127.0.0.1][-][-][error][yii\web\HttpException:404] yii\base\InvalidRouteException: Unable to resolve the request "toastr.js.map". in E:\hk\www\company\vendor\yiisoft\yii2\base\Module.php:543
Stack trace:
#0 E:\hk\www\company\vendor\yiisoft\yii2\web\Application.php(104): yii\base\Module->runAction('toastr.js.map', Array)
#1 E:\hk\www\company\vendor\yiisoft\yii2\base\Application.php(392): yii\web\Application->handleRequest(Object(yii\web\Request))
#2 E:\hk\www\company\web\backend\index.php(36): yii\base\Application->run()
#3 {main}

Next yii\web\NotFoundHttpException: Page not found. in E:\hk\www\company\vendor\yiisoft\yii2\web\Application.php:116
Stack trace:
#0 E:\hk\www\company\vendor\yiisoft\yii2\base\Application.php(392): yii\web\Application->handleRequest(Object(yii\web\Request))
#1 E:\hk\www\company\web\backend\index.php(36): yii\base\Application->run()
#2 {main}
2021-10-30 22:16:41 [127.0.0.1][-][-][info][application] $_GET = []

$_POST = []

$_FILES = []

$_COOKIE = [
    '_ga_J7TGZ6BPBB' => 'GS1.1.1635597431.4.1.1635597632.0'
    'advanced-backend' => 'dvm7jl6h7578o6t5irq6j7e9at'
    '_identity-backend' => 'd204f81fa05fa5965b5232b39ad7b8a26bc91806b8d7bfd20695bc88976d339ca:2:{i:0;s:17:\"_identity-backend\";i:1;s:46:\"[1,\"z6lrwixmdNF4VqtkXw6z-3vMZdSdngm2\",2592000]\";}'
    '_csrf-backend' => 'e45762537df8473d4e902ae5c3e25b46ca264d3f01cd0af1ca8c41ec1ef94c1fa:2:{i:0;s:13:\"_csrf-backend\";i:1;s:32:\"We2SM_yoWwKJaOtZi0qXeiwnsds20Dqn\";}'
]

$_SERVER = [
    'ALLUSERSPROFILE' => 'C:\\ProgramData'
    'APPDATA' => 'C:\\Users\\15899\\AppData\\Roaming'
    'CommonProgramFiles' => 'C:\\Program Files\\Common Files'
    'CommonProgramFiles(x86)' => 'C:\\Program Files (x86)\\Common Files'
    'CommonProgramW6432' => 'C:\\Program Files\\Common Files'
    'COMPUTERNAME' => 'SQY'
    'ComSpec' => 'C:\\Windows\\system32\\cmd.exe'
    'DriverData' => 'C:\\Windows\\System32\\Drivers\\DriverData'
    'GoLand' => 'D:\\Program Files\\JetBrains\\GoLand 2021.2.2\\bin;'
    'HOMEDRIVE' => 'C:'
    'HOMEPATH' => '\\Users\\15899'
    'LOCALAPPDATA' => 'C:\\Users\\15899\\AppData\\Local'
    'LOGONSERVER' => '\\\\SQY'
    'NUMBER_OF_PROCESSORS' => '8'
    'OneDrive' => 'C:\\Users\\15899\\OneDrive'
    'OneDriveConsumer' => 'C:\\Users\\15899\\OneDrive'
    'OS' => 'Windows_NT'
    'Path' => 'C:\\Program Files\\VanDyke Software\\Clients\\;C:\\Windows\\system32;C:\\Windows;C:\\Windows\\System32\\Wbem;C:\\Windows\\System32\\WindowsPowerShell\\v1.0\\;C:\\Windows\\System32\\OpenSSH\\;D:\\Program Files\\Git\\cmd;D:\\Program Files\\TortoiseGit\\bin;D:\\ffmpeg\\bin;D:\\HashiCorp\\Vagrant\\bin;D:\\Program Files\\nodejs\\;D:\\phpstudy_pro\\Extensions\\php\\php7.3.4nts;C:\\ProgramData\\ComposerSetup\\bin;C:\\Users\\15899\\AppData\\Local\\Programs\\Python\\Python37-32\\Scripts\\;C:\\Users\\15899\\AppData\\Local\\Programs\\Python\\Python37-32\\;C:\\Users\\15899\\AppData\\Local\\Microsoft\\WindowsApps;C:\\Program Files\\Bandizip\\;D:\\Program Files\\JetBrains\\PhpStorm 2021.2.1\\bin;D:\\Program Files\\JetBrains\\GoLand 2021.2.2\\bin;C:\\Users\\15899\\AppData\\Roaming\\npm;C:\\Users\\15899\\AppData\\Roaming\\Composer\\vendor\\bin'
    'PATHEXT' => '.COM;.EXE;.BAT;.CMD;.VBS;.VBE;.JS;.JSE;.WSF;.WSH;.MSC'
    'PhpStorm' => 'D:\\Program Files\\JetBrains\\PhpStorm 2021.2.1\\bin;'
    'PROCESSOR_ARCHITECTURE' => 'AMD64'
    'PROCESSOR_IDENTIFIER' => 'Intel64 Family 6 Model 158 Stepping 9, GenuineIntel'
    'PROCESSOR_LEVEL' => '6'
    'PROCESSOR_REVISION' => '9e09'
    'ProgramData' => 'C:\\ProgramData'
    'ProgramFiles' => 'C:\\Program Files'
    'ProgramFiles(x86)' => 'C:\\Program Files (x86)'
    'ProgramW6432' => 'C:\\Program Files'
    'PSModulePath' => 'C:\\Program Files\\WindowsPowerShell\\Modules;C:\\Windows\\system32\\WindowsPowerShell\\v1.0\\Modules'
    'PUBLIC' => 'C:\\Users\\Public'
    'SystemDrive' => 'C:'
    'SystemRoot' => 'C:\\Windows'
    'TEMP' => 'C:\\Users\\15899\\AppData\\Local\\Temp'
    'TMP' => 'C:\\Users\\15899\\AppData\\Local\\Temp'
    'USERDOMAIN' => 'SQY'
    'USERDOMAIN_ROAMINGPROFILE' => 'SQY'
    'USERNAME' => '15899'
    'USERPROFILE' => 'C:\\Users\\15899'
    'VBOX_MSI_INSTALL_PATH' => 'D:\\Program Files\\Oracle\\VirtualBox\\'
    'windir' => 'C:\\Windows'
    'HTTP_COOKIE' => '_ga_J7TGZ6BPBB=GS1.1.1635597431.4.1.1635597632.0; advanced-backend=dvm7jl6h7578o6t5irq6j7e9at; _identity-backend=d204f81fa05fa5965b5232b39ad7b8a26bc91806b8d7bfd20695bc88976d339ca%3A2%3A%7Bi%3A0%3Bs%3A17%3A%22_identity-backend%22%3Bi%3A1%3Bs%3A46%3A%22%5B1%2C%22z6lrwixmdNF4VqtkXw6z-3vMZdSdngm2%22%2C2592000%5D%22%3B%7D; _csrf-backend=e45762537df8473d4e902ae5c3e25b46ca264d3f01cd0af1ca8c41ec1ef94c1fa%3A2%3A%7Bi%3A0%3Bs%3A13%3A%22_csrf-backend%22%3Bi%3A1%3Bs%3A32%3A%22We2SM_yoWwKJaOtZi0qXeiwnsds20Dqn%22%3B%7D'
    'HTTP_ACCEPT_LANGUAGE' => 'zh-CN,zh;q=0.9,en;q=0.8,zh-TW;q=0.7'
    'HTTP_ACCEPT_ENCODING' => 'gzip, deflate'
    'HTTP_USER_AGENT' => 'Mozilla/5.0 (Windows NT 10.0; Win64; x64) AppleWebKit/537.36 (KHTML, like Gecko) Chrome/95.0.4638.69 Safari/537.36'
    'HTTP_CACHE_CONTROL' => 'no-cache'
    'HTTP_PRAGMA' => 'no-cache'
    'HTTP_CONNECTION' => 'keep-alive'
    'HTTP_HOST' => 'company.com'
    'REDIRECT_STATUS' => '200'
    'SERVER_NAME' => 'company.com'
    'SERVER_PORT' => '80'
    'SERVER_ADDR' => '127.0.0.1'
    'REMOTE_PORT' => '54077'
    'REMOTE_ADDR' => '127.0.0.1'
    'SERVER_SOFTWARE' => 'nginx/1.15.11'
    'GATEWAY_INTERFACE' => 'CGI/1.1'
    'REQUEST_SCHEME' => 'http'
    'SERVER_PROTOCOL' => 'HTTP/1.1'
    'DOCUMENT_ROOT' => 'E:/hk/www/company/web/backend'
    'DOCUMENT_URI' => '/index.php'
    'REQUEST_URI' => '/toastr.js.map'
    'SCRIPT_NAME' => '/index.php'
    'CONTENT_LENGTH' => ''
    'CONTENT_TYPE' => ''
    'REQUEST_METHOD' => 'GET'
    'QUERY_STRING' => ''
    'PATH_TRANSLATED' => 'E:/hk/www/company/web/backend'
    'PATH_INFO' => ''
    'SCRIPT_FILENAME' => 'E:/hk/www/company/web/backend/index.php'
    'FCGI_ROLE' => 'RESPONDER'
    'PHP_SELF' => '/index.php'
    'REQUEST_TIME_FLOAT' => 1635603401.8357
    'REQUEST_TIME' => 1635603401
]
2021-10-30 22:16:42 [127.0.0.1][-][-][error][yii\web\HttpException:404] yii\base\InvalidRouteException: Unable to resolve the request "resources/js/pdfmake.min.js.map". in E:\hk\www\company\vendor\yiisoft\yii2\base\Module.php:543
Stack trace:
#0 E:\hk\www\company\vendor\yiisoft\yii2\web\Application.php(104): yii\base\Module->runAction('resources/js/pd...', Array)
#1 E:\hk\www\company\vendor\yiisoft\yii2\base\Application.php(392): yii\web\Application->handleRequest(Object(yii\web\Request))
#2 E:\hk\www\company\web\backend\index.php(36): yii\base\Application->run()
#3 {main}

Next yii\web\NotFoundHttpException: Page not found. in E:\hk\www\company\vendor\yiisoft\yii2\web\Application.php:116
Stack trace:
#0 E:\hk\www\company\vendor\yiisoft\yii2\base\Application.php(392): yii\web\Application->handleRequest(Object(yii\web\Request))
#1 E:\hk\www\company\web\backend\index.php(36): yii\base\Application->run()
#2 {main}
2021-10-30 22:16:42 [127.0.0.1][-][-][info][application] $_GET = []

$_POST = []

$_FILES = []

$_COOKIE = [
    '_ga_J7TGZ6BPBB' => 'GS1.1.1635597431.4.1.1635597632.0'
    'advanced-backend' => 'dvm7jl6h7578o6t5irq6j7e9at'
    '_identity-backend' => 'd204f81fa05fa5965b5232b39ad7b8a26bc91806b8d7bfd20695bc88976d339ca:2:{i:0;s:17:\"_identity-backend\";i:1;s:46:\"[1,\"z6lrwixmdNF4VqtkXw6z-3vMZdSdngm2\",2592000]\";}'
    '_csrf-backend' => 'e45762537df8473d4e902ae5c3e25b46ca264d3f01cd0af1ca8c41ec1ef94c1fa:2:{i:0;s:13:\"_csrf-backend\";i:1;s:32:\"We2SM_yoWwKJaOtZi0qXeiwnsds20Dqn\";}'
]

$_SERVER = [
    'ALLUSERSPROFILE' => 'C:\\ProgramData'
    'APPDATA' => 'C:\\Users\\15899\\AppData\\Roaming'
    'CommonProgramFiles' => 'C:\\Program Files\\Common Files'
    'CommonProgramFiles(x86)' => 'C:\\Program Files (x86)\\Common Files'
    'CommonProgramW6432' => 'C:\\Program Files\\Common Files'
    'COMPUTERNAME' => 'SQY'
    'ComSpec' => 'C:\\Windows\\system32\\cmd.exe'
    'DriverData' => 'C:\\Windows\\System32\\Drivers\\DriverData'
    'GoLand' => 'D:\\Program Files\\JetBrains\\GoLand 2021.2.2\\bin;'
    'HOMEDRIVE' => 'C:'
    'HOMEPATH' => '\\Users\\15899'
    'LOCALAPPDATA' => 'C:\\Users\\15899\\AppData\\Local'
    'LOGONSERVER' => '\\\\SQY'
    'NUMBER_OF_PROCESSORS' => '8'
    'OneDrive' => 'C:\\Users\\15899\\OneDrive'
    'OneDriveConsumer' => 'C:\\Users\\15899\\OneDrive'
    'OS' => 'Windows_NT'
    'Path' => 'C:\\Program Files\\VanDyke Software\\Clients\\;C:\\Windows\\system32;C:\\Windows;C:\\Windows\\System32\\Wbem;C:\\Windows\\System32\\WindowsPowerShell\\v1.0\\;C:\\Windows\\System32\\OpenSSH\\;D:\\Program Files\\Git\\cmd;D:\\Program Files\\TortoiseGit\\bin;D:\\ffmpeg\\bin;D:\\HashiCorp\\Vagrant\\bin;D:\\Program Files\\nodejs\\;D:\\phpstudy_pro\\Extensions\\php\\php7.3.4nts;C:\\ProgramData\\ComposerSetup\\bin;C:\\Users\\15899\\AppData\\Local\\Programs\\Python\\Python37-32\\Scripts\\;C:\\Users\\15899\\AppData\\Local\\Programs\\Python\\Python37-32\\;C:\\Users\\15899\\AppData\\Local\\Microsoft\\WindowsApps;C:\\Program Files\\Bandizip\\;D:\\Program Files\\JetBrains\\PhpStorm 2021.2.1\\bin;D:\\Program Files\\JetBrains\\GoLand 2021.2.2\\bin;C:\\Users\\15899\\AppData\\Roaming\\npm;C:\\Users\\15899\\AppData\\Roaming\\Composer\\vendor\\bin'
    'PATHEXT' => '.COM;.EXE;.BAT;.CMD;.VBS;.VBE;.JS;.JSE;.WSF;.WSH;.MSC'
    'PhpStorm' => 'D:\\Program Files\\JetBrains\\PhpStorm 2021.2.1\\bin;'
    'PROCESSOR_ARCHITECTURE' => 'AMD64'
    'PROCESSOR_IDENTIFIER' => 'Intel64 Family 6 Model 158 Stepping 9, GenuineIntel'
    'PROCESSOR_LEVEL' => '6'
    'PROCESSOR_REVISION' => '9e09'
    'ProgramData' => 'C:\\ProgramData'
    'ProgramFiles' => 'C:\\Program Files'
    'ProgramFiles(x86)' => 'C:\\Program Files (x86)'
    'ProgramW6432' => 'C:\\Program Files'
    'PSModulePath' => 'C:\\Program Files\\WindowsPowerShell\\Modules;C:\\Windows\\system32\\WindowsPowerShell\\v1.0\\Modules'
    'PUBLIC' => 'C:\\Users\\Public'
    'SystemDrive' => 'C:'
    'SystemRoot' => 'C:\\Windows'
    'TEMP' => 'C:\\Users\\15899\\AppData\\Local\\Temp'
    'TMP' => 'C:\\Users\\15899\\AppData\\Local\\Temp'
    'USERDOMAIN' => 'SQY'
    'USERDOMAIN_ROAMINGPROFILE' => 'SQY'
    'USERNAME' => '15899'
    'USERPROFILE' => 'C:\\Users\\15899'
    'VBOX_MSI_INSTALL_PATH' => 'D:\\Program Files\\Oracle\\VirtualBox\\'
    'windir' => 'C:\\Windows'
    'HTTP_COOKIE' => '_ga_J7TGZ6BPBB=GS1.1.1635597431.4.1.1635597632.0; advanced-backend=dvm7jl6h7578o6t5irq6j7e9at; _identity-backend=d204f81fa05fa5965b5232b39ad7b8a26bc91806b8d7bfd20695bc88976d339ca%3A2%3A%7Bi%3A0%3Bs%3A17%3A%22_identity-backend%22%3Bi%3A1%3Bs%3A46%3A%22%5B1%2C%22z6lrwixmdNF4VqtkXw6z-3vMZdSdngm2%22%2C2592000%5D%22%3B%7D; _csrf-backend=e45762537df8473d4e902ae5c3e25b46ca264d3f01cd0af1ca8c41ec1ef94c1fa%3A2%3A%7Bi%3A0%3Bs%3A13%3A%22_csrf-backend%22%3Bi%3A1%3Bs%3A32%3A%22We2SM_yoWwKJaOtZi0qXeiwnsds20Dqn%22%3B%7D'
    'HTTP_ACCEPT_LANGUAGE' => 'zh-CN,zh;q=0.9,en;q=0.8,zh-TW;q=0.7'
    'HTTP_ACCEPT_ENCODING' => 'gzip, deflate'
    'HTTP_USER_AGENT' => 'Mozilla/5.0 (Windows NT 10.0; Win64; x64) AppleWebKit/537.36 (KHTML, like Gecko) Chrome/95.0.4638.69 Safari/537.36'
    'HTTP_CACHE_CONTROL' => 'no-cache'
    'HTTP_PRAGMA' => 'no-cache'
    'HTTP_CONNECTION' => 'keep-alive'
    'HTTP_HOST' => 'company.com'
    'REDIRECT_STATUS' => '200'
    'SERVER_NAME' => 'company.com'
    'SERVER_PORT' => '80'
    'SERVER_ADDR' => '127.0.0.1'
    'REMOTE_PORT' => '54086'
    'REMOTE_ADDR' => '127.0.0.1'
    'SERVER_SOFTWARE' => 'nginx/1.15.11'
    'GATEWAY_INTERFACE' => 'CGI/1.1'
    'REQUEST_SCHEME' => 'http'
    'SERVER_PROTOCOL' => 'HTTP/1.1'
    'DOCUMENT_ROOT' => 'E:/hk/www/company/web/backend'
    'DOCUMENT_URI' => '/index.php'
    'REQUEST_URI' => '/resources/js/pdfmake.min.js.map'
    'SCRIPT_NAME' => '/index.php'
    'CONTENT_LENGTH' => ''
    'CONTENT_TYPE' => ''
    'REQUEST_METHOD' => 'GET'
    'QUERY_STRING' => ''
    'PATH_TRANSLATED' => 'E:/hk/www/company/web/backend'
    'PATH_INFO' => ''
    'SCRIPT_FILENAME' => 'E:/hk/www/company/web/backend/index.php'
    'FCGI_ROLE' => 'RESPONDER'
    'PHP_SELF' => '/index.php'
    'REQUEST_TIME_FLOAT' => 1635603402.2907
    'REQUEST_TIME' => 1635603402
]
2021-10-30 22:16:44 [127.0.0.1][-][-][error][yii\web\HttpException:404] yii\base\InvalidRouteException: Unable to resolve the request "toastr.js.map". in E:\hk\www\company\vendor\yiisoft\yii2\base\Module.php:543
Stack trace:
#0 E:\hk\www\company\vendor\yiisoft\yii2\web\Application.php(104): yii\base\Module->runAction('toastr.js.map', Array)
#1 E:\hk\www\company\vendor\yiisoft\yii2\base\Application.php(392): yii\web\Application->handleRequest(Object(yii\web\Request))
#2 E:\hk\www\company\web\backend\index.php(36): yii\base\Application->run()
#3 {main}

Next yii\web\NotFoundHttpException: Page not found. in E:\hk\www\company\vendor\yiisoft\yii2\web\Application.php:116
Stack trace:
#0 E:\hk\www\company\vendor\yiisoft\yii2\base\Application.php(392): yii\web\Application->handleRequest(Object(yii\web\Request))
#1 E:\hk\www\company\web\backend\index.php(36): yii\base\Application->run()
#2 {main}
2021-10-30 22:16:44 [127.0.0.1][-][-][info][application] $_GET = []

$_POST = []

$_FILES = []

$_COOKIE = [
    '_ga_J7TGZ6BPBB' => 'GS1.1.1635597431.4.1.1635597632.0'
    'advanced-backend' => 'dvm7jl6h7578o6t5irq6j7e9at'
    '_identity-backend' => 'd204f81fa05fa5965b5232b39ad7b8a26bc91806b8d7bfd20695bc88976d339ca:2:{i:0;s:17:\"_identity-backend\";i:1;s:46:\"[1,\"z6lrwixmdNF4VqtkXw6z-3vMZdSdngm2\",2592000]\";}'
    '_csrf-backend' => 'e45762537df8473d4e902ae5c3e25b46ca264d3f01cd0af1ca8c41ec1ef94c1fa:2:{i:0;s:13:\"_csrf-backend\";i:1;s:32:\"We2SM_yoWwKJaOtZi0qXeiwnsds20Dqn\";}'
]

$_SERVER = [
    'ALLUSERSPROFILE' => 'C:\\ProgramData'
    'APPDATA' => 'C:\\Users\\15899\\AppData\\Roaming'
    'CommonProgramFiles' => 'C:\\Program Files\\Common Files'
    'CommonProgramFiles(x86)' => 'C:\\Program Files (x86)\\Common Files'
    'CommonProgramW6432' => 'C:\\Program Files\\Common Files'
    'COMPUTERNAME' => 'SQY'
    'ComSpec' => 'C:\\Windows\\system32\\cmd.exe'
    'DriverData' => 'C:\\Windows\\System32\\Drivers\\DriverData'
    'GoLand' => 'D:\\Program Files\\JetBrains\\GoLand 2021.2.2\\bin;'
    'HOMEDRIVE' => 'C:'
    'HOMEPATH' => '\\Users\\15899'
    'LOCALAPPDATA' => 'C:\\Users\\15899\\AppData\\Local'
    'LOGONSERVER' => '\\\\SQY'
    'NUMBER_OF_PROCESSORS' => '8'
    'OneDrive' => 'C:\\Users\\15899\\OneDrive'
    'OneDriveConsumer' => 'C:\\Users\\15899\\OneDrive'
    'OS' => 'Windows_NT'
    'Path' => 'C:\\Program Files\\VanDyke Software\\Clients\\;C:\\Windows\\system32;C:\\Windows;C:\\Windows\\System32\\Wbem;C:\\Windows\\System32\\WindowsPowerShell\\v1.0\\;C:\\Windows\\System32\\OpenSSH\\;D:\\Program Files\\Git\\cmd;D:\\Program Files\\TortoiseGit\\bin;D:\\ffmpeg\\bin;D:\\HashiCorp\\Vagrant\\bin;D:\\Program Files\\nodejs\\;D:\\phpstudy_pro\\Extensions\\php\\php7.3.4nts;C:\\ProgramData\\ComposerSetup\\bin;C:\\Users\\15899\\AppData\\Local\\Programs\\Python\\Python37-32\\Scripts\\;C:\\Users\\15899\\AppData\\Local\\Programs\\Python\\Python37-32\\;C:\\Users\\15899\\AppData\\Local\\Microsoft\\WindowsApps;C:\\Program Files\\Bandizip\\;D:\\Program Files\\JetBrains\\PhpStorm 2021.2.1\\bin;D:\\Program Files\\JetBrains\\GoLand 2021.2.2\\bin;C:\\Users\\15899\\AppData\\Roaming\\npm;C:\\Users\\15899\\AppData\\Roaming\\Composer\\vendor\\bin'
    'PATHEXT' => '.COM;.EXE;.BAT;.CMD;.VBS;.VBE;.JS;.JSE;.WSF;.WSH;.MSC'
    'PhpStorm' => 'D:\\Program Files\\JetBrains\\PhpStorm 2021.2.1\\bin;'
    'PROCESSOR_ARCHITECTURE' => 'AMD64'
    'PROCESSOR_IDENTIFIER' => 'Intel64 Family 6 Model 158 Stepping 9, GenuineIntel'
    'PROCESSOR_LEVEL' => '6'
    'PROCESSOR_REVISION' => '9e09'
    'ProgramData' => 'C:\\ProgramData'
    'ProgramFiles' => 'C:\\Program Files'
    'ProgramFiles(x86)' => 'C:\\Program Files (x86)'
    'ProgramW6432' => 'C:\\Program Files'
    'PSModulePath' => 'C:\\Program Files\\WindowsPowerShell\\Modules;C:\\Windows\\system32\\WindowsPowerShell\\v1.0\\Modules'
    'PUBLIC' => 'C:\\Users\\Public'
    'SystemDrive' => 'C:'
    'SystemRoot' => 'C:\\Windows'
    'TEMP' => 'C:\\Users\\15899\\AppData\\Local\\Temp'
    'TMP' => 'C:\\Users\\15899\\AppData\\Local\\Temp'
    'USERDOMAIN' => 'SQY'
    'USERDOMAIN_ROAMINGPROFILE' => 'SQY'
    'USERNAME' => '15899'
    'USERPROFILE' => 'C:\\Users\\15899'
    'VBOX_MSI_INSTALL_PATH' => 'D:\\Program Files\\Oracle\\VirtualBox\\'
    'windir' => 'C:\\Windows'
    'HTTP_COOKIE' => '_ga_J7TGZ6BPBB=GS1.1.1635597431.4.1.1635597632.0; advanced-backend=dvm7jl6h7578o6t5irq6j7e9at; _identity-backend=d204f81fa05fa5965b5232b39ad7b8a26bc91806b8d7bfd20695bc88976d339ca%3A2%3A%7Bi%3A0%3Bs%3A17%3A%22_identity-backend%22%3Bi%3A1%3Bs%3A46%3A%22%5B1%2C%22z6lrwixmdNF4VqtkXw6z-3vMZdSdngm2%22%2C2592000%5D%22%3B%7D; _csrf-backend=e45762537df8473d4e902ae5c3e25b46ca264d3f01cd0af1ca8c41ec1ef94c1fa%3A2%3A%7Bi%3A0%3Bs%3A13%3A%22_csrf-backend%22%3Bi%3A1%3Bs%3A32%3A%22We2SM_yoWwKJaOtZi0qXeiwnsds20Dqn%22%3B%7D'
    'HTTP_ACCEPT_LANGUAGE' => 'zh-CN,zh;q=0.9,en;q=0.8,zh-TW;q=0.7'
    'HTTP_ACCEPT_ENCODING' => 'gzip, deflate'
    'HTTP_USER_AGENT' => 'Mozilla/5.0 (Windows NT 10.0; Win64; x64) AppleWebKit/537.36 (KHTML, like Gecko) Chrome/95.0.4638.69 Safari/537.36'
    'HTTP_CACHE_CONTROL' => 'no-cache'
    'HTTP_PRAGMA' => 'no-cache'
    'HTTP_CONNECTION' => 'keep-alive'
    'HTTP_HOST' => 'company.com'
    'REDIRECT_STATUS' => '200'
    'SERVER_NAME' => 'company.com'
    'SERVER_PORT' => '80'
    'SERVER_ADDR' => '127.0.0.1'
    'REMOTE_PORT' => '54086'
    'REMOTE_ADDR' => '127.0.0.1'
    'SERVER_SOFTWARE' => 'nginx/1.15.11'
    'GATEWAY_INTERFACE' => 'CGI/1.1'
    'REQUEST_SCHEME' => 'http'
    'SERVER_PROTOCOL' => 'HTTP/1.1'
    'DOCUMENT_ROOT' => 'E:/hk/www/company/web/backend'
    'DOCUMENT_URI' => '/index.php'
    'REQUEST_URI' => '/toastr.js.map'
    'SCRIPT_NAME' => '/index.php'
    'CONTENT_LENGTH' => ''
    'CONTENT_TYPE' => ''
    'REQUEST_METHOD' => 'GET'
    'QUERY_STRING' => ''
    'PATH_TRANSLATED' => 'E:/hk/www/company/web/backend'
    'PATH_INFO' => ''
    'SCRIPT_FILENAME' => 'E:/hk/www/company/web/backend/index.php'
    'FCGI_ROLE' => 'RESPONDER'
    'PHP_SELF' => '/index.php'
    'REQUEST_TIME_FLOAT' => 1635603404.1347
    'REQUEST_TIME' => 1635603404
]
2021-10-30 22:16:44 [127.0.0.1][-][-][error][yii\web\HttpException:404] yii\base\InvalidRouteException: Unable to resolve the request "resources/js/pdfmake.min.js.map". in E:\hk\www\company\vendor\yiisoft\yii2\base\Module.php:543
Stack trace:
#0 E:\hk\www\company\vendor\yiisoft\yii2\web\Application.php(104): yii\base\Module->runAction('resources/js/pd...', Array)
#1 E:\hk\www\company\vendor\yiisoft\yii2\base\Application.php(392): yii\web\Application->handleRequest(Object(yii\web\Request))
#2 E:\hk\www\company\web\backend\index.php(36): yii\base\Application->run()
#3 {main}

Next yii\web\NotFoundHttpException: Page not found. in E:\hk\www\company\vendor\yiisoft\yii2\web\Application.php:116
Stack trace:
#0 E:\hk\www\company\vendor\yiisoft\yii2\base\Application.php(392): yii\web\Application->handleRequest(Object(yii\web\Request))
#1 E:\hk\www\company\web\backend\index.php(36): yii\base\Application->run()
#2 {main}
2021-10-30 22:16:44 [127.0.0.1][-][-][info][application] $_GET = []

$_POST = []

$_FILES = []

$_COOKIE = [
    '_ga_J7TGZ6BPBB' => 'GS1.1.1635597431.4.1.1635597632.0'
    'advanced-backend' => 'dvm7jl6h7578o6t5irq6j7e9at'
    '_identity-backend' => 'd204f81fa05fa5965b5232b39ad7b8a26bc91806b8d7bfd20695bc88976d339ca:2:{i:0;s:17:\"_identity-backend\";i:1;s:46:\"[1,\"z6lrwixmdNF4VqtkXw6z-3vMZdSdngm2\",2592000]\";}'
    '_csrf-backend' => 'e45762537df8473d4e902ae5c3e25b46ca264d3f01cd0af1ca8c41ec1ef94c1fa:2:{i:0;s:13:\"_csrf-backend\";i:1;s:32:\"We2SM_yoWwKJaOtZi0qXeiwnsds20Dqn\";}'
]

$_SERVER = [
    'ALLUSERSPROFILE' => 'C:\\ProgramData'
    'APPDATA' => 'C:\\Users\\15899\\AppData\\Roaming'
    'CommonProgramFiles' => 'C:\\Program Files\\Common Files'
    'CommonProgramFiles(x86)' => 'C:\\Program Files (x86)\\Common Files'
    'CommonProgramW6432' => 'C:\\Program Files\\Common Files'
    'COMPUTERNAME' => 'SQY'
    'ComSpec' => 'C:\\Windows\\system32\\cmd.exe'
    'DriverData' => 'C:\\Windows\\System32\\Drivers\\DriverData'
    'GoLand' => 'D:\\Program Files\\JetBrains\\GoLand 2021.2.2\\bin;'
    'HOMEDRIVE' => 'C:'
    'HOMEPATH' => '\\Users\\15899'
    'LOCALAPPDATA' => 'C:\\Users\\15899\\AppData\\Local'
    'LOGONSERVER' => '\\\\SQY'
    'NUMBER_OF_PROCESSORS' => '8'
    'OneDrive' => 'C:\\Users\\15899\\OneDrive'
    'OneDriveConsumer' => 'C:\\Users\\15899\\OneDrive'
    'OS' => 'Windows_NT'
    'Path' => 'C:\\Program Files\\VanDyke Software\\Clients\\;C:\\Windows\\system32;C:\\Windows;C:\\Windows\\System32\\Wbem;C:\\Windows\\System32\\WindowsPowerShell\\v1.0\\;C:\\Windows\\System32\\OpenSSH\\;D:\\Program Files\\Git\\cmd;D:\\Program Files\\TortoiseGit\\bin;D:\\ffmpeg\\bin;D:\\HashiCorp\\Vagrant\\bin;D:\\Program Files\\nodejs\\;D:\\phpstudy_pro\\Extensions\\php\\php7.3.4nts;C:\\ProgramData\\ComposerSetup\\bin;C:\\Users\\15899\\AppData\\Local\\Programs\\Python\\Python37-32\\Scripts\\;C:\\Users\\15899\\AppData\\Local\\Programs\\Python\\Python37-32\\;C:\\Users\\15899\\AppData\\Local\\Microsoft\\WindowsApps;C:\\Program Files\\Bandizip\\;D:\\Program Files\\JetBrains\\PhpStorm 2021.2.1\\bin;D:\\Program Files\\JetBrains\\GoLand 2021.2.2\\bin;C:\\Users\\15899\\AppData\\Roaming\\npm;C:\\Users\\15899\\AppData\\Roaming\\Composer\\vendor\\bin'
    'PATHEXT' => '.COM;.EXE;.BAT;.CMD;.VBS;.VBE;.JS;.JSE;.WSF;.WSH;.MSC'
    'PhpStorm' => 'D:\\Program Files\\JetBrains\\PhpStorm 2021.2.1\\bin;'
    'PROCESSOR_ARCHITECTURE' => 'AMD64'
    'PROCESSOR_IDENTIFIER' => 'Intel64 Family 6 Model 158 Stepping 9, GenuineIntel'
    'PROCESSOR_LEVEL' => '6'
    'PROCESSOR_REVISION' => '9e09'
    'ProgramData' => 'C:\\ProgramData'
    'ProgramFiles' => 'C:\\Program Files'
    'ProgramFiles(x86)' => 'C:\\Program Files (x86)'
    'ProgramW6432' => 'C:\\Program Files'
    'PSModulePath' => 'C:\\Program Files\\WindowsPowerShell\\Modules;C:\\Windows\\system32\\WindowsPowerShell\\v1.0\\Modules'
    'PUBLIC' => 'C:\\Users\\Public'
    'SystemDrive' => 'C:'
    'SystemRoot' => 'C:\\Windows'
    'TEMP' => 'C:\\Users\\15899\\AppData\\Local\\Temp'
    'TMP' => 'C:\\Users\\15899\\AppData\\Local\\Temp'
    'USERDOMAIN' => 'SQY'
    'USERDOMAIN_ROAMINGPROFILE' => 'SQY'
    'USERNAME' => '15899'
    'USERPROFILE' => 'C:\\Users\\15899'
    'VBOX_MSI_INSTALL_PATH' => 'D:\\Program Files\\Oracle\\VirtualBox\\'
    'windir' => 'C:\\Windows'
    'HTTP_COOKIE' => '_ga_J7TGZ6BPBB=GS1.1.1635597431.4.1.1635597632.0; advanced-backend=dvm7jl6h7578o6t5irq6j7e9at; _identity-backend=d204f81fa05fa5965b5232b39ad7b8a26bc91806b8d7bfd20695bc88976d339ca%3A2%3A%7Bi%3A0%3Bs%3A17%3A%22_identity-backend%22%3Bi%3A1%3Bs%3A46%3A%22%5B1%2C%22z6lrwixmdNF4VqtkXw6z-3vMZdSdngm2%22%2C2592000%5D%22%3B%7D; _csrf-backend=e45762537df8473d4e902ae5c3e25b46ca264d3f01cd0af1ca8c41ec1ef94c1fa%3A2%3A%7Bi%3A0%3Bs%3A13%3A%22_csrf-backend%22%3Bi%3A1%3Bs%3A32%3A%22We2SM_yoWwKJaOtZi0qXeiwnsds20Dqn%22%3B%7D'
    'HTTP_ACCEPT_LANGUAGE' => 'zh-CN,zh;q=0.9,en;q=0.8,zh-TW;q=0.7'
    'HTTP_ACCEPT_ENCODING' => 'gzip, deflate'
    'HTTP_USER_AGENT' => 'Mozilla/5.0 (Windows NT 10.0; Win64; x64) AppleWebKit/537.36 (KHTML, like Gecko) Chrome/95.0.4638.69 Safari/537.36'
    'HTTP_CACHE_CONTROL' => 'no-cache'
    'HTTP_PRAGMA' => 'no-cache'
    'HTTP_CONNECTION' => 'keep-alive'
    'HTTP_HOST' => 'company.com'
    'REDIRECT_STATUS' => '200'
    'SERVER_NAME' => 'company.com'
    'SERVER_PORT' => '80'
    'SERVER_ADDR' => '127.0.0.1'
    'REMOTE_PORT' => '54099'
    'REMOTE_ADDR' => '127.0.0.1'
    'SERVER_SOFTWARE' => 'nginx/1.15.11'
    'GATEWAY_INTERFACE' => 'CGI/1.1'
    'REQUEST_SCHEME' => 'http'
    'SERVER_PROTOCOL' => 'HTTP/1.1'
    'DOCUMENT_ROOT' => 'E:/hk/www/company/web/backend'
    'DOCUMENT_URI' => '/index.php'
    'REQUEST_URI' => '/resources/js/pdfmake.min.js.map'
    'SCRIPT_NAME' => '/index.php'
    'CONTENT_LENGTH' => ''
    'CONTENT_TYPE' => ''
    'REQUEST_METHOD' => 'GET'
    'QUERY_STRING' => ''
    'PATH_TRANSLATED' => 'E:/hk/www/company/web/backend'
    'PATH_INFO' => ''
    'SCRIPT_FILENAME' => 'E:/hk/www/company/web/backend/index.php'
    'FCGI_ROLE' => 'RESPONDER'
    'PHP_SELF' => '/index.php'
    'REQUEST_TIME_FLOAT' => 1635603404.5567
    'REQUEST_TIME' => 1635603404
]
2021-10-30 22:16:45 [127.0.0.1][-][-][error][yii\web\HttpException:404] yii\base\InvalidRouteException: Unable to resolve the request "toastr.js.map". in E:\hk\www\company\vendor\yiisoft\yii2\base\Module.php:543
Stack trace:
#0 E:\hk\www\company\vendor\yiisoft\yii2\web\Application.php(104): yii\base\Module->runAction('toastr.js.map', Array)
#1 E:\hk\www\company\vendor\yiisoft\yii2\base\Application.php(392): yii\web\Application->handleRequest(Object(yii\web\Request))
#2 E:\hk\www\company\web\backend\index.php(36): yii\base\Application->run()
#3 {main}

Next yii\web\NotFoundHttpException: Page not found. in E:\hk\www\company\vendor\yiisoft\yii2\web\Application.php:116
Stack trace:
#0 E:\hk\www\company\vendor\yiisoft\yii2\base\Application.php(392): yii\web\Application->handleRequest(Object(yii\web\Request))
#1 E:\hk\www\company\web\backend\index.php(36): yii\base\Application->run()
#2 {main}
2021-10-30 22:16:45 [127.0.0.1][-][-][info][application] $_GET = []

$_POST = []

$_FILES = []

$_COOKIE = [
    '_ga_J7TGZ6BPBB' => 'GS1.1.1635597431.4.1.1635597632.0'
    'advanced-backend' => 'dvm7jl6h7578o6t5irq6j7e9at'
    '_identity-backend' => 'd204f81fa05fa5965b5232b39ad7b8a26bc91806b8d7bfd20695bc88976d339ca:2:{i:0;s:17:\"_identity-backend\";i:1;s:46:\"[1,\"z6lrwixmdNF4VqtkXw6z-3vMZdSdngm2\",2592000]\";}'
    '_csrf-backend' => 'e45762537df8473d4e902ae5c3e25b46ca264d3f01cd0af1ca8c41ec1ef94c1fa:2:{i:0;s:13:\"_csrf-backend\";i:1;s:32:\"We2SM_yoWwKJaOtZi0qXeiwnsds20Dqn\";}'
]

$_SERVER = [
    'ALLUSERSPROFILE' => 'C:\\ProgramData'
    'APPDATA' => 'C:\\Users\\15899\\AppData\\Roaming'
    'CommonProgramFiles' => 'C:\\Program Files\\Common Files'
    'CommonProgramFiles(x86)' => 'C:\\Program Files (x86)\\Common Files'
    'CommonProgramW6432' => 'C:\\Program Files\\Common Files'
    'COMPUTERNAME' => 'SQY'
    'ComSpec' => 'C:\\Windows\\system32\\cmd.exe'
    'DriverData' => 'C:\\Windows\\System32\\Drivers\\DriverData'
    'GoLand' => 'D:\\Program Files\\JetBrains\\GoLand 2021.2.2\\bin;'
    'HOMEDRIVE' => 'C:'
    'HOMEPATH' => '\\Users\\15899'
    'LOCALAPPDATA' => 'C:\\Users\\15899\\AppData\\Local'
    'LOGONSERVER' => '\\\\SQY'
    'NUMBER_OF_PROCESSORS' => '8'
    'OneDrive' => 'C:\\Users\\15899\\OneDrive'
    'OneDriveConsumer' => 'C:\\Users\\15899\\OneDrive'
    'OS' => 'Windows_NT'
    'Path' => 'C:\\Program Files\\VanDyke Software\\Clients\\;C:\\Windows\\system32;C:\\Windows;C:\\Windows\\System32\\Wbem;C:\\Windows\\System32\\WindowsPowerShell\\v1.0\\;C:\\Windows\\System32\\OpenSSH\\;D:\\Program Files\\Git\\cmd;D:\\Program Files\\TortoiseGit\\bin;D:\\ffmpeg\\bin;D:\\HashiCorp\\Vagrant\\bin;D:\\Program Files\\nodejs\\;D:\\phpstudy_pro\\Extensions\\php\\php7.3.4nts;C:\\ProgramData\\ComposerSetup\\bin;C:\\Users\\15899\\AppData\\Local\\Programs\\Python\\Python37-32\\Scripts\\;C:\\Users\\15899\\AppData\\Local\\Programs\\Python\\Python37-32\\;C:\\Users\\15899\\AppData\\Local\\Microsoft\\WindowsApps;C:\\Program Files\\Bandizip\\;D:\\Program Files\\JetBrains\\PhpStorm 2021.2.1\\bin;D:\\Program Files\\JetBrains\\GoLand 2021.2.2\\bin;C:\\Users\\15899\\AppData\\Roaming\\npm;C:\\Users\\15899\\AppData\\Roaming\\Composer\\vendor\\bin'
    'PATHEXT' => '.COM;.EXE;.BAT;.CMD;.VBS;.VBE;.JS;.JSE;.WSF;.WSH;.MSC'
    'PhpStorm' => 'D:\\Program Files\\JetBrains\\PhpStorm 2021.2.1\\bin;'
    'PROCESSOR_ARCHITECTURE' => 'AMD64'
    'PROCESSOR_IDENTIFIER' => 'Intel64 Family 6 Model 158 Stepping 9, GenuineIntel'
    'PROCESSOR_LEVEL' => '6'
    'PROCESSOR_REVISION' => '9e09'
    'ProgramData' => 'C:\\ProgramData'
    'ProgramFiles' => 'C:\\Program Files'
    'ProgramFiles(x86)' => 'C:\\Program Files (x86)'
    'ProgramW6432' => 'C:\\Program Files'
    'PSModulePath' => 'C:\\Program Files\\WindowsPowerShell\\Modules;C:\\Windows\\system32\\WindowsPowerShell\\v1.0\\Modules'
    'PUBLIC' => 'C:\\Users\\Public'
    'SystemDrive' => 'C:'
    'SystemRoot' => 'C:\\Windows'
    'TEMP' => 'C:\\Users\\15899\\AppData\\Local\\Temp'
    'TMP' => 'C:\\Users\\15899\\AppData\\Local\\Temp'
    'USERDOMAIN' => 'SQY'
    'USERDOMAIN_ROAMINGPROFILE' => 'SQY'
    'USERNAME' => '15899'
    'USERPROFILE' => 'C:\\Users\\15899'
    'VBOX_MSI_INSTALL_PATH' => 'D:\\Program Files\\Oracle\\VirtualBox\\'
    'windir' => 'C:\\Windows'
    'HTTP_COOKIE' => '_ga_J7TGZ6BPBB=GS1.1.1635597431.4.1.1635597632.0; advanced-backend=dvm7jl6h7578o6t5irq6j7e9at; _identity-backend=d204f81fa05fa5965b5232b39ad7b8a26bc91806b8d7bfd20695bc88976d339ca%3A2%3A%7Bi%3A0%3Bs%3A17%3A%22_identity-backend%22%3Bi%3A1%3Bs%3A46%3A%22%5B1%2C%22z6lrwixmdNF4VqtkXw6z-3vMZdSdngm2%22%2C2592000%5D%22%3B%7D; _csrf-backend=e45762537df8473d4e902ae5c3e25b46ca264d3f01cd0af1ca8c41ec1ef94c1fa%3A2%3A%7Bi%3A0%3Bs%3A13%3A%22_csrf-backend%22%3Bi%3A1%3Bs%3A32%3A%22We2SM_yoWwKJaOtZi0qXeiwnsds20Dqn%22%3B%7D'
    'HTTP_ACCEPT_LANGUAGE' => 'zh-CN,zh;q=0.9,en;q=0.8,zh-TW;q=0.7'
    'HTTP_ACCEPT_ENCODING' => 'gzip, deflate'
    'HTTP_USER_AGENT' => 'Mozilla/5.0 (Windows NT 10.0; Win64; x64) AppleWebKit/537.36 (KHTML, like Gecko) Chrome/95.0.4638.69 Safari/537.36'
    'HTTP_CACHE_CONTROL' => 'no-cache'
    'HTTP_PRAGMA' => 'no-cache'
    'HTTP_CONNECTION' => 'keep-alive'
    'HTTP_HOST' => 'company.com'
    'REDIRECT_STATUS' => '200'
    'SERVER_NAME' => 'company.com'
    'SERVER_PORT' => '80'
    'SERVER_ADDR' => '127.0.0.1'
    'REMOTE_PORT' => '54102'
    'REMOTE_ADDR' => '127.0.0.1'
    'SERVER_SOFTWARE' => 'nginx/1.15.11'
    'GATEWAY_INTERFACE' => 'CGI/1.1'
    'REQUEST_SCHEME' => 'http'
    'SERVER_PROTOCOL' => 'HTTP/1.1'
    'DOCUMENT_ROOT' => 'E:/hk/www/company/web/backend'
    'DOCUMENT_URI' => '/index.php'
    'REQUEST_URI' => '/toastr.js.map'
    'SCRIPT_NAME' => '/index.php'
    'CONTENT_LENGTH' => ''
    'CONTENT_TYPE' => ''
    'REQUEST_METHOD' => 'GET'
    'QUERY_STRING' => ''
    'PATH_TRANSLATED' => 'E:/hk/www/company/web/backend'
    'PATH_INFO' => ''
    'SCRIPT_FILENAME' => 'E:/hk/www/company/web/backend/index.php'
    'FCGI_ROLE' => 'RESPONDER'
    'PHP_SELF' => '/index.php'
    'REQUEST_TIME_FLOAT' => 1635603405.4576
    'REQUEST_TIME' => 1635603405
]
2021-10-30 22:16:45 [127.0.0.1][-][-][error][yii\web\HttpException:404] yii\base\InvalidRouteException: Unable to resolve the request "resources/js/pdfmake.min.js.map". in E:\hk\www\company\vendor\yiisoft\yii2\base\Module.php:543
Stack trace:
#0 E:\hk\www\company\vendor\yiisoft\yii2\web\Application.php(104): yii\base\Module->runAction('resources/js/pd...', Array)
#1 E:\hk\www\company\vendor\yiisoft\yii2\base\Application.php(392): yii\web\Application->handleRequest(Object(yii\web\Request))
#2 E:\hk\www\company\web\backend\index.php(36): yii\base\Application->run()
#3 {main}

Next yii\web\NotFoundHttpException: Page not found. in E:\hk\www\company\vendor\yiisoft\yii2\web\Application.php:116
Stack trace:
#0 E:\hk\www\company\vendor\yiisoft\yii2\base\Application.php(392): yii\web\Application->handleRequest(Object(yii\web\Request))
#1 E:\hk\www\company\web\backend\index.php(36): yii\base\Application->run()
#2 {main}
2021-10-30 22:16:45 [127.0.0.1][-][-][info][application] $_GET = []

$_POST = []

$_FILES = []

$_COOKIE = [
    '_ga_J7TGZ6BPBB' => 'GS1.1.1635597431.4.1.1635597632.0'
    'advanced-backend' => 'dvm7jl6h7578o6t5irq6j7e9at'
    '_identity-backend' => 'd204f81fa05fa5965b5232b39ad7b8a26bc91806b8d7bfd20695bc88976d339ca:2:{i:0;s:17:\"_identity-backend\";i:1;s:46:\"[1,\"z6lrwixmdNF4VqtkXw6z-3vMZdSdngm2\",2592000]\";}'
    '_csrf-backend' => 'e45762537df8473d4e902ae5c3e25b46ca264d3f01cd0af1ca8c41ec1ef94c1fa:2:{i:0;s:13:\"_csrf-backend\";i:1;s:32:\"We2SM_yoWwKJaOtZi0qXeiwnsds20Dqn\";}'
]

$_SERVER = [
    'ALLUSERSPROFILE' => 'C:\\ProgramData'
    'APPDATA' => 'C:\\Users\\15899\\AppData\\Roaming'
    'CommonProgramFiles' => 'C:\\Program Files\\Common Files'
    'CommonProgramFiles(x86)' => 'C:\\Program Files (x86)\\Common Files'
    'CommonProgramW6432' => 'C:\\Program Files\\Common Files'
    'COMPUTERNAME' => 'SQY'
    'ComSpec' => 'C:\\Windows\\system32\\cmd.exe'
    'DriverData' => 'C:\\Windows\\System32\\Drivers\\DriverData'
    'GoLand' => 'D:\\Program Files\\JetBrains\\GoLand 2021.2.2\\bin;'
    'HOMEDRIVE' => 'C:'
    'HOMEPATH' => '\\Users\\15899'
    'LOCALAPPDATA' => 'C:\\Users\\15899\\AppData\\Local'
    'LOGONSERVER' => '\\\\SQY'
    'NUMBER_OF_PROCESSORS' => '8'
    'OneDrive' => 'C:\\Users\\15899\\OneDrive'
    'OneDriveConsumer' => 'C:\\Users\\15899\\OneDrive'
    'OS' => 'Windows_NT'
    'Path' => 'C:\\Program Files\\VanDyke Software\\Clients\\;C:\\Windows\\system32;C:\\Windows;C:\\Windows\\System32\\Wbem;C:\\Windows\\System32\\WindowsPowerShell\\v1.0\\;C:\\Windows\\System32\\OpenSSH\\;D:\\Program Files\\Git\\cmd;D:\\Program Files\\TortoiseGit\\bin;D:\\ffmpeg\\bin;D:\\HashiCorp\\Vagrant\\bin;D:\\Program Files\\nodejs\\;D:\\phpstudy_pro\\Extensions\\php\\php7.3.4nts;C:\\ProgramData\\ComposerSetup\\bin;C:\\Users\\15899\\AppData\\Local\\Programs\\Python\\Python37-32\\Scripts\\;C:\\Users\\15899\\AppData\\Local\\Programs\\Python\\Python37-32\\;C:\\Users\\15899\\AppData\\Local\\Microsoft\\WindowsApps;C:\\Program Files\\Bandizip\\;D:\\Program Files\\JetBrains\\PhpStorm 2021.2.1\\bin;D:\\Program Files\\JetBrains\\GoLand 2021.2.2\\bin;C:\\Users\\15899\\AppData\\Roaming\\npm;C:\\Users\\15899\\AppData\\Roaming\\Composer\\vendor\\bin'
    'PATHEXT' => '.COM;.EXE;.BAT;.CMD;.VBS;.VBE;.JS;.JSE;.WSF;.WSH;.MSC'
    'PhpStorm' => 'D:\\Program Files\\JetBrains\\PhpStorm 2021.2.1\\bin;'
    'PROCESSOR_ARCHITECTURE' => 'AMD64'
    'PROCESSOR_IDENTIFIER' => 'Intel64 Family 6 Model 158 Stepping 9, GenuineIntel'
    'PROCESSOR_LEVEL' => '6'
    'PROCESSOR_REVISION' => '9e09'
    'ProgramData' => 'C:\\ProgramData'
    'ProgramFiles' => 'C:\\Program Files'
    'ProgramFiles(x86)' => 'C:\\Program Files (x86)'
    'ProgramW6432' => 'C:\\Program Files'
    'PSModulePath' => 'C:\\Program Files\\WindowsPowerShell\\Modules;C:\\Windows\\system32\\WindowsPowerShell\\v1.0\\Modules'
    'PUBLIC' => 'C:\\Users\\Public'
    'SystemDrive' => 'C:'
    'SystemRoot' => 'C:\\Windows'
    'TEMP' => 'C:\\Users\\15899\\AppData\\Local\\Temp'
    'TMP' => 'C:\\Users\\15899\\AppData\\Local\\Temp'
    'USERDOMAIN' => 'SQY'
    'USERDOMAIN_ROAMINGPROFILE' => 'SQY'
    'USERNAME' => '15899'
    'USERPROFILE' => 'C:\\Users\\15899'
    'VBOX_MSI_INSTALL_PATH' => 'D:\\Program Files\\Oracle\\VirtualBox\\'
    'windir' => 'C:\\Windows'
    'HTTP_COOKIE' => '_ga_J7TGZ6BPBB=GS1.1.1635597431.4.1.1635597632.0; advanced-backend=dvm7jl6h7578o6t5irq6j7e9at; _identity-backend=d204f81fa05fa5965b5232b39ad7b8a26bc91806b8d7bfd20695bc88976d339ca%3A2%3A%7Bi%3A0%3Bs%3A17%3A%22_identity-backend%22%3Bi%3A1%3Bs%3A46%3A%22%5B1%2C%22z6lrwixmdNF4VqtkXw6z-3vMZdSdngm2%22%2C2592000%5D%22%3B%7D; _csrf-backend=e45762537df8473d4e902ae5c3e25b46ca264d3f01cd0af1ca8c41ec1ef94c1fa%3A2%3A%7Bi%3A0%3Bs%3A13%3A%22_csrf-backend%22%3Bi%3A1%3Bs%3A32%3A%22We2SM_yoWwKJaOtZi0qXeiwnsds20Dqn%22%3B%7D'
    'HTTP_ACCEPT_LANGUAGE' => 'zh-CN,zh;q=0.9,en;q=0.8,zh-TW;q=0.7'
    'HTTP_ACCEPT_ENCODING' => 'gzip, deflate'
    'HTTP_USER_AGENT' => 'Mozilla/5.0 (Windows NT 10.0; Win64; x64) AppleWebKit/537.36 (KHTML, like Gecko) Chrome/95.0.4638.69 Safari/537.36'
    'HTTP_CACHE_CONTROL' => 'no-cache'
    'HTTP_PRAGMA' => 'no-cache'
    'HTTP_CONNECTION' => 'keep-alive'
    'HTTP_HOST' => 'company.com'
    'REDIRECT_STATUS' => '200'
    'SERVER_NAME' => 'company.com'
    'SERVER_PORT' => '80'
    'SERVER_ADDR' => '127.0.0.1'
    'REMOTE_PORT' => '54102'
    'REMOTE_ADDR' => '127.0.0.1'
    'SERVER_SOFTWARE' => 'nginx/1.15.11'
    'GATEWAY_INTERFACE' => 'CGI/1.1'
    'REQUEST_SCHEME' => 'http'
    'SERVER_PROTOCOL' => 'HTTP/1.1'
    'DOCUMENT_ROOT' => 'E:/hk/www/company/web/backend'
    'DOCUMENT_URI' => '/index.php'
    'REQUEST_URI' => '/resources/js/pdfmake.min.js.map'
    'SCRIPT_NAME' => '/index.php'
    'CONTENT_LENGTH' => ''
    'CONTENT_TYPE' => ''
    'REQUEST_METHOD' => 'GET'
    'QUERY_STRING' => ''
    'PATH_TRANSLATED' => 'E:/hk/www/company/web/backend'
    'PATH_INFO' => ''
    'SCRIPT_FILENAME' => 'E:/hk/www/company/web/backend/index.php'
    'FCGI_ROLE' => 'RESPONDER'
    'PHP_SELF' => '/index.php'
    'REQUEST_TIME_FLOAT' => 1635603405.7713
    'REQUEST_TIME' => 1635603405
]
